0 info it worked if it ends with ok
1 verbose cli [ 'node', '/usr/local/bin/npm', 'install' ]
2 info using npm@2.11.3
3 info using node@v0.12.7
4 verbose readDependencies loading dependencies from /Users/Andela3/Code/resly/package.json
5 verbose install where, deps [ '/Users/Andela3/Code/resly',
5 verbose install   [ 'laravel-elixir', 'bootstrap-sass', 'gulp' ] ]
6 verbose install where, peers [ '/Users/Andela3/Code/resly', [] ]
7 verbose installManyTop reading for lifecycle /Users/Andela3/Code/resly/package.json
8 info preinstall @
9 verbose readDependencies loading dependencies from /Users/Andela3/Code/resly/package.json
10 silly cache add args [ 'gulp@^3.8.8', null ]
11 verbose cache add spec gulp@^3.8.8
12 silly cache add parsed spec { raw: 'gulp@^3.8.8',
12 silly cache add   scope: null,
12 silly cache add   name: 'gulp',
12 silly cache add   rawSpec: '^3.8.8',
12 silly cache add   spec: '>=3.8.8 <4.0.0',
12 silly cache add   type: 'range' }
13 silly addNamed gulp@>=3.8.8 <4.0.0
14 verbose addNamed ">=3.8.8 <4.0.0" is a valid semver range for gulp
15 silly addNameRange { name: 'gulp', range: '>=3.8.8 <4.0.0', hasData: false }
16 silly mapToRegistry name gulp
17 silly mapToRegistry using default registry
18 silly mapToRegistry registry https://registry.npmjs.org/
19 silly mapToRegistry uri https://registry.npmjs.org/gulp
20 verbose addNameRange registry:https://registry.npmjs.org/gulp not in flight; fetching
21 silly cache add args [ 'laravel-elixir@^3.0.0', null ]
22 verbose cache add spec laravel-elixir@^3.0.0
23 silly cache add parsed spec { raw: 'laravel-elixir@^3.0.0',
23 silly cache add   scope: null,
23 silly cache add   name: 'laravel-elixir',
23 silly cache add   rawSpec: '^3.0.0',
23 silly cache add   spec: '>=3.0.0 <4.0.0',
23 silly cache add   type: 'range' }
24 silly addNamed laravel-elixir@>=3.0.0 <4.0.0
25 verbose addNamed ">=3.0.0 <4.0.0" is a valid semver range for laravel-elixir
26 silly addNameRange { name: 'laravel-elixir',
26 silly addNameRange   range: '>=3.0.0 <4.0.0',
26 silly addNameRange   hasData: false }
27 silly mapToRegistry name laravel-elixir
28 silly mapToRegistry using default registry
29 silly mapToRegistry registry https://registry.npmjs.org/
30 silly mapToRegistry uri https://registry.npmjs.org/laravel-elixir
31 verbose addNameRange registry:https://registry.npmjs.org/laravel-elixir not in flight; fetching
32 silly cache add args [ 'bootstrap-sass@^3.0.0', null ]
33 verbose cache add spec bootstrap-sass@^3.0.0
34 silly cache add parsed spec { raw: 'bootstrap-sass@^3.0.0',
34 silly cache add   scope: null,
34 silly cache add   name: 'bootstrap-sass',
34 silly cache add   rawSpec: '^3.0.0',
34 silly cache add   spec: '>=3.0.0 <4.0.0',
34 silly cache add   type: 'range' }
35 silly addNamed bootstrap-sass@>=3.0.0 <4.0.0
36 verbose addNamed ">=3.0.0 <4.0.0" is a valid semver range for bootstrap-sass
37 silly addNameRange { name: 'bootstrap-sass',
37 silly addNameRange   range: '>=3.0.0 <4.0.0',
37 silly addNameRange   hasData: false }
38 silly mapToRegistry name bootstrap-sass
39 silly mapToRegistry using default registry
40 silly mapToRegistry registry https://registry.npmjs.org/
41 silly mapToRegistry uri https://registry.npmjs.org/bootstrap-sass
42 verbose addNameRange registry:https://registry.npmjs.org/bootstrap-sass not in flight; fetching
43 verbose request uri https://registry.npmjs.org/gulp
44 verbose request no auth needed
45 info attempt registry request try #1 at 12:03:19 PM
46 verbose request id 2dbfc8f32b6c9191
47 http request GET https://registry.npmjs.org/gulp
48 verbose request uri https://registry.npmjs.org/laravel-elixir
49 verbose request no auth needed
50 info attempt registry request try #1 at 12:03:19 PM
51 http request GET https://registry.npmjs.org/laravel-elixir
52 verbose request uri https://registry.npmjs.org/bootstrap-sass
53 verbose request no auth needed
54 info attempt registry request try #1 at 12:03:19 PM
55 http request GET https://registry.npmjs.org/bootstrap-sass
56 http 200 https://registry.npmjs.org/bootstrap-sass
57 silly get cb [ 200,
57 silly get   { server: 'CouchDB/1.5.0 (Erlang OTP/R16B03)',
57 silly get     etag: '"DYEQOTF2DOLGE1B94NACDGFP6"',
57 silly get     'content-type': 'application/json',
57 silly get     'cache-control': 'max-age=60',
57 silly get     'content-length': '24288',
57 silly get     'accept-ranges': 'bytes',
57 silly get     date: 'Wed, 23 Sep 2015 09:03:22 GMT',
57 silly get     via: '1.1 varnish',
57 silly get     age: '0',
57 silly get     connection: 'keep-alive',
57 silly get     'x-served-by': 'cache-sin6921-SIN',
57 silly get     'x-cache': 'HIT',
57 silly get     'x-cache-hits': '1',
57 silly get     'x-timer': 'S1442999001.834319,VS0,VE206',
57 silly get     vary: 'Accept' } ]
58 verbose get saving bootstrap-sass to /Users/Andela3/.npm/registry.npmjs.org/bootstrap-sass/.cache.json
59 silly addNameRange number 2 { name: 'bootstrap-sass',
59 silly addNameRange   range: '>=3.0.0 <4.0.0',
59 silly addNameRange   hasData: true }
60 silly addNameRange versions [ 'bootstrap-sass',
60 silly addNameRange   [ '2.3.2',
60 silly addNameRange     '3.1.1',
60 silly addNameRange     '3.2.0',
60 silly addNameRange     '3.3.0',
60 silly addNameRange     '3.3.1',
60 silly addNameRange     '3.3.2',
60 silly addNameRange     '3.3.3',
60 silly addNameRange     '3.3.4',
60 silly addNameRange     '3.3.5' ] ]
61 silly addNamed bootstrap-sass@3.3.5
62 verbose addNamed "3.3.5" is a plain semver version for bootstrap-sass
63 silly mapToRegistry name bootstrap-sass
64 silly mapToRegistry using default registry
65 silly mapToRegistry registry https://registry.npmjs.org/
66 silly mapToRegistry uri https://registry.npmjs.org/bootstrap-sass
67 verbose addRemoteTarball https://registry.npmjs.org/bootstrap-sass/-/bootstrap-sass-3.3.5.tgz not in flight; adding
68 verbose addRemoteTarball [ 'https://registry.npmjs.org/bootstrap-sass/-/bootstrap-sass-3.3.5.tgz',
68 verbose addRemoteTarball   '89f213751ee01cde0dc1f63a51e9b3521dd20ebc' ]
69 info retry fetch attempt 1 at 12:03:23 PM
70 info attempt registry request try #1 at 12:03:23 PM
71 http fetch GET https://registry.npmjs.org/bootstrap-sass/-/bootstrap-sass-3.3.5.tgz
72 http fetch 200 https://registry.npmjs.org/bootstrap-sass/-/bootstrap-sass-3.3.5.tgz
73 http 200 https://registry.npmjs.org/gulp
74 silly get cb [ 200,
74 silly get   { server: 'CouchDB/1.5.0 (Erlang OTP/R16B03)',
74 silly get     etag: '"AWXYR3UP46K26J7LK5C2I8CDM"',
74 silly get     'content-type': 'application/json',
74 silly get     'cache-control': 'max-age=60',
74 silly get     'content-length': '106642',
74 silly get     'accept-ranges': 'bytes',
74 silly get     date: 'Wed, 23 Sep 2015 09:03:21 GMT',
74 silly get     via: '1.1 varnish',
74 silly get     age: '52',
74 silly get     connection: 'keep-alive',
74 silly get     'x-served-by': 'cache-sin6924-SIN',
74 silly get     'x-cache': 'HIT',
74 silly get     'x-cache-hits': '1',
74 silly get     'x-timer': 'S1442999001.827965,VS0,VE0',
74 silly get     vary: 'Accept' } ]
75 verbose get saving gulp to /Users/Andela3/.npm/registry.npmjs.org/gulp/.cache.json
76 http 200 https://registry.npmjs.org/laravel-elixir
77 silly get cb [ 200,
77 silly get   { server: 'CouchDB/1.5.0 (Erlang OTP/R16B03)',
77 silly get     etag: '"3QZIQ3FCHMWIQXPQPHWRG2K0X"',
77 silly get     'content-type': 'application/json',
77 silly get     'cache-control': 'max-age=60',
77 silly get     'content-length': '256925',
77 silly get     'accept-ranges': 'bytes',
77 silly get     date: 'Wed, 23 Sep 2015 09:03:22 GMT',
77 silly get     via: '1.1 varnish',
77 silly get     age: '0',
77 silly get     connection: 'keep-alive',
77 silly get     'x-served-by': 'cache-sin6927-SIN',
77 silly get     'x-cache': 'HIT',
77 silly get     'x-cache-hits': '1',
77 silly get     'x-timer': 'S1442999001.827898,VS0,VE987',
77 silly get     vary: 'Accept' } ]
78 verbose get saving laravel-elixir to /Users/Andela3/.npm/registry.npmjs.org/laravel-elixir/.cache.json
79 silly addNameRange number 2 { name: 'gulp', range: '>=3.8.8 <4.0.0', hasData: true }
80 silly addNameRange versions [ 'gulp',
80 silly addNameRange   [ '0.0.1',
80 silly addNameRange     '0.0.2',
80 silly addNameRange     '0.0.3',
80 silly addNameRange     '0.0.4',
80 silly addNameRange     '0.0.5',
80 silly addNameRange     '0.0.7',
80 silly addNameRange     '0.0.8',
80 silly addNameRange     '0.0.9',
80 silly addNameRange     '0.1.0',
80 silly addNameRange     '0.2.0',
80 silly addNameRange     '1.0.0',
80 silly addNameRange     '1.1.0',
80 silly addNameRange     '1.2.0',
80 silly addNameRange     '1.2.1',
80 silly addNameRange     '2.0.0',
80 silly addNameRange     '2.0.1',
80 silly addNameRange     '2.1.0',
80 silly addNameRange     '2.2.0',
80 silly addNameRange     '2.3.0',
80 silly addNameRange     '2.4.0',
80 silly addNameRange     '2.4.1',
80 silly addNameRange     '2.6.0',
80 silly addNameRange     '2.6.1',
80 silly addNameRange     '2.7.0',
80 silly addNameRange     '3.0.0',
80 silly addNameRange     '3.1.1',
80 silly addNameRange     '3.1.2',
80 silly addNameRange     '3.1.3',
80 silly addNameRange     '3.1.4',
80 silly addNameRange     '3.2.0',
80 silly addNameRange     '3.2.1',
80 silly addNameRange     '3.2.2',
80 silly addNameRange     '3.2.3',
80 silly addNameRange     '3.2.4',
80 silly addNameRange     '3.2.5',
80 silly addNameRange     '3.3.0',
80 silly addNameRange     '3.3.1',
80 silly addNameRange     '3.3.2',
80 silly addNameRange     '3.3.4',
80 silly addNameRange     '3.4.0',
80 silly addNameRange     '3.5.0',
80 silly addNameRange     '3.5.1',
80 silly addNameRange     '3.5.2',
80 silly addNameRange     '3.5.5',
80 silly addNameRange     '3.5.6',
80 silly addNameRange     '3.6.0',
80 silly addNameRange     '3.6.1',
80 silly addNameRange     '3.6.2',
80 silly addNameRange     '3.7.0',
80 silly addNameRange     '3.8.0',
80 silly addNameRange     '3.8.1',
80 silly addNameRange     '3.8.2',
80 silly addNameRange     '3.8.3',
80 silly addNameRange     '3.8.4',
80 silly addNameRange     '3.8.5',
80 silly addNameRange     '3.8.6',
80 silly addNameRange     '3.8.7',
80 silly addNameRange     '3.8.8',
80 silly addNameRange     '3.8.9',
80 silly addNameRange     '3.8.10',
80 silly addNameRange     '3.8.11',
80 silly addNameRange     '3.9.0' ] ]
81 silly addNamed gulp@3.9.0
82 verbose addNamed "3.9.0" is a plain semver version for gulp
83 silly mapToRegistry name gulp
84 silly mapToRegistry using default registry
85 silly mapToRegistry registry https://registry.npmjs.org/
86 silly mapToRegistry uri https://registry.npmjs.org/gulp
87 verbose addRemoteTarball https://registry.npmjs.org/gulp/-/gulp-3.9.0.tgz not in flight; adding
88 verbose addRemoteTarball [ 'https://registry.npmjs.org/gulp/-/gulp-3.9.0.tgz',
88 verbose addRemoteTarball   'cf1fba4cb558bb8c6ae6c9613f583ae2620d214a' ]
89 silly addNameRange number 2 { name: 'laravel-elixir',
89 silly addNameRange   range: '>=3.0.0 <4.0.0',
89 silly addNameRange   hasData: true }
90 silly addNameRange versions [ 'laravel-elixir',
90 silly addNameRange   [ '0.1.0',
90 silly addNameRange     '0.1.1',
90 silly addNameRange     '0.1.2',
90 silly addNameRange     '0.1.3',
90 silly addNameRange     '0.1.4',
90 silly addNameRange     '0.1.5',
90 silly addNameRange     '0.1.6',
90 silly addNameRange     '0.1.7',
90 silly addNameRange     '0.1.8',
90 silly addNameRange     '0.1.9',
90 silly addNameRange     '0.2.0',
90 silly addNameRange     '0.2.1',
90 silly addNameRange     '0.2.2',
90 silly addNameRange     '0.3.0',
90 silly addNameRange     '0.3.1',
90 silly addNameRange     '0.3.2',
90 silly addNameRange     '0.3.3',
90 silly addNameRange     '0.3.4',
90 silly addNameRange     '0.3.5',
90 silly addNameRange     '0.3.7',
90 silly addNameRange     '0.3.8',
90 silly addNameRange     '0.3.9',
90 silly addNameRange     '0.3.10',
90 silly addNameRange     '0.3.11',
90 silly addNameRange     '0.4.0',
90 silly addNameRange     '0.4.1',
90 silly addNameRange     '0.4.3',
90 silly addNameRange     '0.4.4',
90 silly addNameRange     '0.4.5',
90 silly addNameRange     '0.4.6',
90 silly addNameRange     '0.4.7',
90 silly addNameRange     '0.4.8',
90 silly addNameRange     '0.4.9',
90 silly addNameRange     '0.4.10',
90 silly addNameRange     '0.4.11',
90 silly addNameRange     '0.4.12',
90 silly addNameRange     '0.4.13',
90 silly addNameRange     '0.4.14',
90 silly addNameRange     '0.4.15',
90 silly addNameRange     '0.4.16',
90 silly addNameRange     '0.4.17',
90 silly addNameRange     '0.5.0',
90 silly addNameRange     '0.5.1',
90 silly addNameRange     '0.5.2',
90 silly addNameRange     '0.5.3',
90 silly addNameRange     '0.5.4',
90 silly addNameRange     '0.5.5',
90 silly addNameRange     '0.5.6',
90 silly addNameRange     '0.5.7',
90 silly addNameRange     '0.5.8',
90 silly addNameRange     '0.6.0',
90 silly addNameRange     '0.6.1',
90 silly addNameRange     '0.6.2',
90 silly addNameRange     '0.6.3',
90 silly addNameRange     '0.6.4',
90 silly addNameRange     '0.6.5',
90 silly addNameRange     '0.6.6',
90 silly addNameRange     '0.7.0',
90 silly addNameRange     '0.6.7',
90 silly addNameRange     '0.6.8',
90 silly addNameRange     '0.7.1',
90 silly addNameRange     '0.7.3',
90 silly addNameRange     '0.7.4',
90 silly addNameRange     '0.7.5',
90 silly addNameRange     '0.7.6',
90 silly addNameRange     '0.7.7',
90 silly addNameRange     '0.7.8',
90 silly addNameRange     '0.7.9',
90 silly addNameRange     '0.7.10',
90 silly addNameRange     '0.7.11',
90 silly addNameRange     '0.8.0',
90 silly addNameRange     '0.8.1',
90 silly addNameRange     '0.9.1',
90 silly addNameRange     '0.10.0',
90 silly addNameRange     '0.10.1',
90 silly addNameRange     '0.10.2',
90 silly addNameRange     '0.10.3',
90 silly addNameRange     '0.10.4',
90 silly addNameRange     '0.10.5',
90 silly addNameRange     '0.10.6',
90 silly addNameRange     '0.10.7',
90 silly addNameRange     '0.11.0',
90 silly addNameRange     '0.12.0',
90 silly addNameRange     '0.12.2',
90 silly addNameRange     '0.12.3',
90 silly addNameRange     '0.13.0',
90 silly addNameRange     '0.13.1',
90 silly addNameRange     '0.13.2',
90 silly addNameRange     '0.13.3',
90 silly addNameRange     '0.14.0',
90 silly addNameRange     '0.14.2',
90 silly addNameRange     '0.14.3',
90 silly addNameRange     '0.14.4',
90 silly addNameRange     '0.15.0',
90 silly addNameRange     '0.15.1',
90 silly addNameRange     '0.15.2',
90 silly addNameRange     '0.15.3',
90 silly addNameRange     '0.15.4',
90 silly addNameRange     '0.15.5',
90 silly addNameRange     '0.16.0',
90 silly addNameRange     '0.16.1',
90 silly addNameRange     '0.16.2',
90 silly addNameRange     '0.16.3',
90 silly addNameRange     '0.18.0',
90 silly addNameRange     '0.18.1',
90 silly addNameRange     '0.18.2',
90 silly addNameRange     '0.18.3',
90 silly addNameRange     '0.18.4',
90 silly addNameRange     '0.18.5',
90 silly addNameRange     '0.18.6',
90 silly addNameRange     '0.18.7',
90 silly addNameRange     '1.0.1',
90 silly addNameRange     '1.0.2',
90 silly addNameRange     '1.0.3',
90 silly addNameRange     '2.0.0',
90 silly addNameRange     '2.0.1',
90 silly addNameRange     '2.1.0',
90 silly addNameRange     '2.1.1',
90 silly addNameRange     '2.1.2',
90 silly addNameRange     '2.2.0',
90 silly addNameRange     '2.2.1',
90 silly addNameRange     '2.2.2',
90 silly addNameRange     '2.2.3',
90 silly addNameRange     '2.2.4',
90 silly addNameRange     '2.3.0',
90 silly addNameRange     '2.3.1',
90 silly addNameRange     '2.3.2',
90 silly addNameRange     '2.3.3',
90 silly addNameRange     '2.3.4',
90 silly addNameRange     '2.3.5',
90 silly addNameRange     '2.3.6',
90 silly addNameRange     '2.3.8',
90 silly addNameRange     '2.3.9',
90 silly addNameRange     '2.3.10',
90 silly addNameRange     '2.3.11',
90 silly addNameRange     '2.3.12',
90 silly addNameRange     '2.3.13',
90 silly addNameRange     '3.0.0-beta1',
90 silly addNameRange     '3.0.0-beta2',
90 silly addNameRange     '3.0.0',
90 silly addNameRange     '3.0.1',
90 silly addNameRange     '3.0.3',
90 silly addNameRange     '3.0.4',
90 silly addNameRange     '3.0.5',
90 silly addNameRange     '3.0.6',
90 silly addNameRange     '3.0.7',
90 silly addNameRange     '3.1.0',
90 silly addNameRange     '3.1.1',
90 silly addNameRange     '3.1.2',
90 silly addNameRange     '3.2.1',
90 silly addNameRange     '3.2.2',
90 silly addNameRange     '3.2.3',
90 silly addNameRange     '3.2.4',
90 silly addNameRange     '3.2.5',
90 silly addNameRange     '3.2.6',
90 silly addNameRange     '3.2.7',
90 silly addNameRange     '3.2.8' ] ]
91 silly addNamed laravel-elixir@3.2.8
92 verbose addNamed "3.2.8" is a plain semver version for laravel-elixir
93 silly mapToRegistry name laravel-elixir
94 silly mapToRegistry using default registry
95 silly mapToRegistry registry https://registry.npmjs.org/
96 silly mapToRegistry uri https://registry.npmjs.org/laravel-elixir
97 verbose addRemoteTarball https://registry.npmjs.org/laravel-elixir/-/laravel-elixir-3.2.8.tgz not in flight; adding
98 verbose addRemoteTarball [ 'https://registry.npmjs.org/laravel-elixir/-/laravel-elixir-3.2.8.tgz',
98 verbose addRemoteTarball   '87f985b960501f2ea44f981289ebdaaa17ea72fd' ]
99 info retry fetch attempt 1 at 12:03:30 PM
100 info attempt registry request try #1 at 12:03:30 PM
101 http fetch GET https://registry.npmjs.org/gulp/-/gulp-3.9.0.tgz
102 info retry fetch attempt 1 at 12:03:30 PM
103 info attempt registry request try #1 at 12:03:30 PM
104 http fetch GET https://registry.npmjs.org/laravel-elixir/-/laravel-elixir-3.2.8.tgz
105 http fetch 200 https://registry.npmjs.org/laravel-elixir/-/laravel-elixir-3.2.8.tgz
106 silly fetchAndShaCheck shasum 87f985b960501f2ea44f981289ebdaaa17ea72fd
107 verbose addTmpTarball /var/folders/hh/0x_sqg0j05lbwx1r6jpssxv80000gn/T/npm-6527-bb25aad2/registry.npmjs.org/laravel-elixir/-/laravel-elixir-3.2.8.tgz not in flight; adding
108 verbose addTmpTarball already have metadata; skipping unpack for laravel-elixir@3.2.8
109 silly cache afterAdd laravel-elixir@3.2.8
110 verbose afterAdd /Users/Andela3/.npm/laravel-elixir/3.2.8/package/package.json not in flight; writing
111 verbose afterAdd /Users/Andela3/.npm/laravel-elixir/3.2.8/package/package.json written
112 http fetch 200 https://registry.npmjs.org/gulp/-/gulp-3.9.0.tgz
113 silly fetchAndShaCheck shasum cf1fba4cb558bb8c6ae6c9613f583ae2620d214a
114 verbose addTmpTarball /var/folders/hh/0x_sqg0j05lbwx1r6jpssxv80000gn/T/npm-6527-bb25aad2/registry.npmjs.org/gulp/-/gulp-3.9.0.tgz not in flight; adding
115 verbose addTmpTarball already have metadata; skipping unpack for gulp@3.9.0
116 silly cache afterAdd gulp@3.9.0
117 verbose afterAdd /Users/Andela3/.npm/gulp/3.9.0/package/package.json not in flight; writing
118 verbose afterAdd /Users/Andela3/.npm/gulp/3.9.0/package/package.json written
119 silly fetchAndShaCheck shasum 89f213751ee01cde0dc1f63a51e9b3521dd20ebc
120 verbose addTmpTarball /var/folders/hh/0x_sqg0j05lbwx1r6jpssxv80000gn/T/npm-6527-bb25aad2/registry.npmjs.org/bootstrap-sass/-/bootstrap-sass-3.3.5.tgz not in flight; adding
121 verbose addTmpTarball already have metadata; skipping unpack for bootstrap-sass@3.3.5
122 silly cache afterAdd bootstrap-sass@3.3.5
123 verbose afterAdd /Users/Andela3/.npm/bootstrap-sass/3.3.5/package/package.json not in flight; writing
124 verbose afterAdd /Users/Andela3/.npm/bootstrap-sass/3.3.5/package/package.json written
125 silly install resolved [ { name: 'laravel-elixir',
125 silly install resolved     version: '3.2.8',
125 silly install resolved     description: 'Laravel Elixir Core',
125 silly install resolved     main: 'index.js',
125 silly install resolved     scripts: { test: 'echo "Error: no test specified" && exit 1' },
125 silly install resolved     repository:
125 silly install resolved      { type: 'git',
125 silly install resolved        url: 'git+https://github.com/laravel/elixir.git' },
125 silly install resolved     keywords: [ 'laravel', 'elixir', 'gulp' ],
125 silly install resolved     author: { name: 'Taylor Otwell, Jeffrey Way' },
125 silly install resolved     license: 'MIT',
125 silly install resolved     homepage: 'https://github.com/laravel/elixir',
125 silly install resolved     dependencies:
125 silly install resolved      { babelify: '^6.1.3',
125 silly install resolved        browserify: '^10.2.6',
125 silly install resolved        del: '^1.2.0',
125 silly install resolved        glob: '^5.0.14',
125 silly install resolved        'gulp-autoprefixer': '^2.3.1',
125 silly install resolved        'gulp-babel': '^5.1.0',
125 silly install resolved        'gulp-batch': '^1.0.5',
125 silly install resolved        'gulp-coffee': '^2.3.1',
125 silly install resolved        'gulp-concat': '^2.6.0',
125 silly install resolved        'gulp-if': '^1.2.5',
125 silly install resolved        'gulp-less': '^3.0.3',
125 silly install resolved        'gulp-load-plugins': '^1.0.0-rc.1',
125 silly install resolved        'gulp-minify-css': '^1.2.0',
125 silly install resolved        'gulp-notify': '^2.2.0',
125 silly install resolved        'gulp-phpspec': '^0.5.3',
125 silly install resolved        'gulp-phpunit': '0.9.0',
125 silly install resolved        'gulp-rename': '^1.2.2',
125 silly install resolved        'gulp-rev': '^5.1.0',
125 silly install resolved        'gulp-rev-replace': '^0.4.2',
125 silly install resolved        'gulp-sass': '^2.0.3',
125 silly install resolved        'gulp-sourcemaps': '^1.5.2',
125 silly install resolved        'gulp-uglify': '^1.2.0',
125 silly install resolved        'gulp-util': '^3.0.6',
125 silly install resolved        'gulp-watch': '^4.2.4',
125 silly install resolved        'merge-stream': '^0.1.8',
125 silly install resolved        'parse-filepath': '^0.5.0',
125 silly install resolved        partialify: '^3.1.3',
125 silly install resolved        path: '^0.11.14',
125 silly install resolved        'require-dir': '^0.3.0',
125 silly install resolved        'run-sequence': '^1.1.1',
125 silly install resolved        underscore: '^1.8.3',
125 silly install resolved        'underscore-deep-extend': '0.0.5',
125 silly install resolved        'vinyl-buffer': '^1.0.0',
125 silly install resolved        'vinyl-paths': '^1.0.0',
125 silly install resolved        'vinyl-source-stream': '^1.1.0',
125 silly install resolved        watchify: '^3.2.3' },
125 silly install resolved     devDependencies:
125 silly install resolved      { gulp: '^3.8.8',
125 silly install resolved        chai: '^3.2.0',
125 silly install resolved        mocha: '^2.2.5',
125 silly install resolved        rimraf: '^2.4.2' },
125 silly install resolved     gitHead: '95a5b613b5ead18e6cfabff373c8dff3f2741b3d',
125 silly install resolved     bugs: { url: 'https://github.com/laravel/elixir/issues' },
125 silly install resolved     _id: 'laravel-elixir@3.2.8',
125 silly install resolved     _shasum: '87f985b960501f2ea44f981289ebdaaa17ea72fd',
125 silly install resolved     _from: 'laravel-elixir@>=3.0.0 <4.0.0',
125 silly install resolved     _npmVersion: '2.10.1',
125 silly install resolved     _nodeVersion: '0.12.4',
125 silly install resolved     _npmUser: { name: 'jeffreyway', email: 'jeffrey@laracasts.com' },
125 silly install resolved     maintainers: [ [Object] ],
125 silly install resolved     dist:
125 silly install resolved      { shasum: '87f985b960501f2ea44f981289ebdaaa17ea72fd',
125 silly install resolved        tarball: 'http://registry.npmjs.org/laravel-elixir/-/laravel-elixir-3.2.8.tgz' },
125 silly install resolved     directories: {},
125 silly install resolved     _resolved: 'https://registry.npmjs.org/laravel-elixir/-/laravel-elixir-3.2.8.tgz' },
125 silly install resolved   { name: 'gulp',
125 silly install resolved     description: 'The streaming build system',
125 silly install resolved     version: '3.9.0',
125 silly install resolved     homepage: 'http://gulpjs.com',
125 silly install resolved     repository: { type: 'git', url: 'git+https://github.com/gulpjs/gulp.git' },
125 silly install resolved     author:
125 silly install resolved      { name: 'Fractal',
125 silly install resolved        email: 'contact@wearefractal.com',
125 silly install resolved        url: 'http://wearefractal.com/' },
125 silly install resolved     tags: [ 'build', 'stream', 'system', 'make', 'tool', 'asset', 'pipeline' ],
125 silly install resolved     files: [ 'index.js', 'lib', 'bin', 'completion' ],
125 silly install resolved     bin: { gulp: './bin/gulp.js' },
125 silly install resolved     man: [ 'gulp.1' ],
125 silly install resolved     dependencies:
125 silly install resolved      { archy: '^1.0.0',
125 silly install resolved        chalk: '^1.0.0',
125 silly install resolved        deprecated: '^0.0.1',
125 silly install resolved        'gulp-util': '^3.0.0',
125 silly install resolved        interpret: '^0.6.2',
125 silly install resolved        liftoff: '^2.1.0',
125 silly install resolved        minimist: '^1.1.0',
125 silly install resolved        orchestrator: '^0.3.0',
125 silly install resolved        'pretty-hrtime': '^1.0.0',
125 silly install resolved        semver: '^4.1.0',
125 silly install resolved        tildify: '^1.0.0',
125 silly install resolved        v8flags: '^2.0.2',
125 silly install resolved        'vinyl-fs': '^0.3.0' },
125 silly install resolved     devDependencies:
125 silly install resolved      { coveralls: '^2.7.0',
125 silly install resolved        'graceful-fs': '^3.0.0',
125 silly install resolved        istanbul: '^0.3.0',
125 silly install resolved        jscs: '~1.12.0',
125 silly install resolved        jshint: '^2.5.0',
125 silly install resolved        'jshint-stylish': '^1.0.0',
125 silly install resolved        'marked-man': '^0.1.3',
125 silly install resolved        mkdirp: '^0.5.0',
125 silly install resolved        mocha: '^2.0.1',
125 silly install resolved        'mocha-lcov-reporter': '^0.0.1',
125 silly install resolved        q: '^1.0.0',
125 silly install resolved        rimraf: '^2.2.5',
125 silly install resolved        should: '^5.0.1' },
125 silly install resolved     scripts:
125 silly install resolved      { prepublish: 'marked-man --name gulp docs/CLI.md > gulp.1',
125 silly install resolved        lint: 'jshint lib bin test index.js --reporter node_modules/jshint-stylish/stylish.js --exclude node_modules && jscs lib bin test index.js',
125 silly install resolved        test: 'npm run-script lint && mocha --reporter spec',
125 silly install resolved        coveralls: 'istanbul cover _mocha --report lcovonly -- -R spec && cat ./coverage/lcov.info | coveralls && rm -rf ./coverage' },
125 silly install resolved     engines: { node: '>= 0.9' },
125 silly install resolved     license: 'MIT',
125 silly install resolved     gitHead: '657213a52d5e9c19b85df6a42f76341a98c08ae8',
125 silly install resolved     bugs: { url: 'https://github.com/gulpjs/gulp/issues' },
125 silly install resolved     _id: 'gulp@3.9.0',
125 silly install resolved     _shasum: 'cf1fba4cb558bb8c6ae6c9613f583ae2620d214a',
125 silly install resolved     _from: 'gulp@>=3.8.8 <4.0.0',
125 silly install resolved     _npmVersion: '2.8.3',
125 silly install resolved     _nodeVersion: '0.10.36',
125 silly install resolved     _npmUser: { name: 'phated', email: 'blaine@iceddev.com' },
125 silly install resolved     maintainers: [ [Object], [Object] ],
125 silly install resolved     dist:
125 silly install resolved      { shasum: 'cf1fba4cb558bb8c6ae6c9613f583ae2620d214a',
125 silly install resolved        tarball: 'http://registry.npmjs.org/gulp/-/gulp-3.9.0.tgz' },
125 silly install resolved     directories: {},
125 silly install resolved     _resolved: 'https://registry.npmjs.org/gulp/-/gulp-3.9.0.tgz' },
125 silly install resolved   { name: 'bootstrap-sass',
125 silly install resolved     version: '3.3.5',
125 silly install resolved     description: 'bootstrap-sass is a Sass-powered version of Bootstrap, ready to drop right into your Sass powered applications.',
125 silly install resolved     main: 'assets/javascripts/bootstrap.js',
125 silly install resolved     repository: { type: 'git', url: 'git://github.com/twbs/bootstrap-sass' },
125 silly install resolved     keywords: [ 'bootstrap', 'sass', 'css' ],
125 silly install resolved     contributors: [ [Object], [Object], [Object], [Object] ],
125 silly install resolved     license: 'MIT',
125 silly install resolved     bugs: { url: 'https://github.com/twbs/bootstrap-sass/issues' },
125 silly install resolved     devDependencies: { 'node-sass': '~2.0', mincer: '~1.2', ejs: '~1.0' },
125 silly install resolved     gitHead: 'd64d48fd23c9624cc5c996e6516b7dc33fde5919',
125 silly install resolved     homepage: 'https://github.com/twbs/bootstrap-sass',
125 silly install resolved     _id: 'bootstrap-sass@3.3.5',
125 silly install resolved     scripts: {},
125 silly install resolved     _shasum: '89f213751ee01cde0dc1f63a51e9b3521dd20ebc',
125 silly install resolved     _from: 'bootstrap-sass@>=3.0.0 <4.0.0',
125 silly install resolved     _npmVersion: '2.1.4',
125 silly install resolved     _nodeVersion: '0.10.32',
125 silly install resolved     _npmUser: { name: 'glebm', email: 'glex.spb@gmail.com' },
125 silly install resolved     maintainers: [ [Object], [Object] ],
125 silly install resolved     dist:
125 silly install resolved      { shasum: '89f213751ee01cde0dc1f63a51e9b3521dd20ebc',
125 silly install resolved        tarball: 'http://registry.npmjs.org/bootstrap-sass/-/bootstrap-sass-3.3.5.tgz' },
125 silly install resolved     directories: {},
125 silly install resolved     _resolved: 'https://registry.npmjs.org/bootstrap-sass/-/bootstrap-sass-3.3.5.tgz' } ]
126 info install laravel-elixir@3.2.8 into /Users/Andela3/Code/resly
127 info install gulp@3.9.0 into /Users/Andela3/Code/resly
128 info install bootstrap-sass@3.3.5 into /Users/Andela3/Code/resly
129 info installOne laravel-elixir@3.2.8
130 verbose installOne of laravel-elixir to /Users/Andela3/Code/resly not in flight; installing
131 info installOne gulp@3.9.0
132 verbose installOne of gulp to /Users/Andela3/Code/resly not in flight; installing
133 info installOne bootstrap-sass@3.3.5
134 verbose installOne of bootstrap-sass to /Users/Andela3/Code/resly not in flight; installing
135 warn locking Error: EACCES, open '/Users/Andela3/.npm/_locks/laravel-elixir-4b55c0d3ee71080e.lock'
135 warn locking     at Error (native)
135 warn locking  /Users/Andela3/.npm/_locks/laravel-elixir-4b55c0d3ee71080e.lock failed { [Error: EACCES, open '/Users/Andela3/.npm/_locks/laravel-elixir-4b55c0d3ee71080e.lock']
135 warn locking   errno: -13,
135 warn locking   code: 'EACCES',
135 warn locking   path: '/Users/Andela3/.npm/_locks/laravel-elixir-4b55c0d3ee71080e.lock' }
136 verbose stack Error: Attempt to unlock /Users/Andela3/Code/resly/node_modules/laravel-elixir, which hasn't been locked
136 verbose stack     at unlock (/usr/local/lib/node_modules/npm/lib/utils/locker.js:66:11)
136 verbose stack     at cb (/usr/local/lib/node_modules/npm/lib/install.js:1017:5)
136 verbose stack     at /usr/local/lib/node_modules/npm/lib/install.js:1021:20
136 verbose stack     at /usr/local/lib/node_modules/npm/lib/utils/locker.js:40:9
136 verbose stack     at cb (/usr/local/lib/node_modules/npm/node_modules/lockfile/lockfile.js:149:38)
136 verbose stack     at /usr/local/lib/node_modules/npm/node_modules/lockfile/lockfile.js:177:38
136 verbose stack     at FSReqWrap.oncomplete (fs.js:95:15)
137 verbose cwd /Users/Andela3/Code/resly
138 error Darwin 14.3.0
139 error argv "node" "/usr/local/bin/npm" "install"
140 error node v0.12.7
141 error npm  v2.11.3
142 error Attempt to unlock /Users/Andela3/Code/resly/node_modules/laravel-elixir, which hasn't been locked
143 error If you need help, you may report this error at:
143 error     <https://github.com/npm/npm/issues>
144 verbose exit [ 1, true ]
